-------------------------------------------------------------------------------
Test set: TestSuite
-------------------------------------------------------------------------------
Tests run: 1, Failures: 1, Errors: 0, Skipped: 0, Time elapsed: 136.808 sec <<< FAILURE! - in TestSuite
testcase(com.driver.Driver)  Time elapsed: 131.237 sec  <<< FAILURE!
java.lang.AssertionError: TJ Failed on Stepid[37] : Action[ getwindowHandle],Element[null],Testdata(if any)[1.0]For input string: "1.0"
	at com.driver.Driver.testcase(Driver.java:142)

